<?xml version="1.0" encoding="UTF-8"?>
<testsuite xmlns:xsi="http://www.w3.org/2001/XMLSchema-instance" xsi:noNamespaceSchemaLocation="https://maven.apache.org/surefire/maven-surefire-plugin/xsd/surefire-test-report.xsd" version="3.0.2" name="CompiscriptAnalyzerTest" time="0.177" tests="4" errors="0" skipped="0" failures="0">
  <properties>
[...]
</properties>
  <testcase name="messagesAreReadableSpanishAndColumnsAreOneBased" classname="CompiscriptAnalyzerTest" time="0.142"/>
  <testcase name="filtersExactDuplicates" classname="CompiscriptAnalyzerTest" time="0.0"/>
  <testcase name="classifiesAndPreservesMultipleErrors" classname="CompiscriptAnalyzerTest" time="0.0"/>
  <testcase name="acceptsValidFile" classname="CompiscriptAnalyzerTest" time="0.006"/>
</testsuite>